0 info it worked if it ends with ok
1 verbose cli [ '/usr/local/bin/node', '/usr/local/bin/npm', 'run', 'start' ]
2 info using npm@3.10.9
3 info using node@v6.2.0
4 verbose run-script [ 'prestart', 'start', 'poststart' ]
5 info lifecycle api_chat@0.0.1~prestart: api_chat@0.0.1
6 silly lifecycle api_chat@0.0.1~prestart: no script for prestart, continuing
7 info lifecycle api_chat@0.0.1~start: api_chat@0.0.1
8 verbose lifecycle api_chat@0.0.1~start: unsafe-perm in lifecycle true
9 verbose lifecycle api_chat@0.0.1~start: PATH: /usr/local/lib/node_modules/npm/bin/node-gyp-bin:/Users/Belinda/Documents/git/api_chat/node_modules/.bin:/usr/bin:/bin:/usr/sbin:/sbin:/usr/local/bin:/usr/local/share/dotnet:/Users/Belinda/android-sdk-macosx//tools:/Users/Belinda/android-sdk-macosx//build-tools/23.0.3/:/Users/Belinda/go:/Users/Belinda/go/bin
10 verbose lifecycle api_chat@0.0.1~start: CWD: /Users/Belinda/Documents/git/api_chat
11 silly lifecycle api_chat@0.0.1~start: Args: [ '-c', 'node dist/index.js' ]
12 silly lifecycle api_chat@0.0.1~start: Returned: code: 1  signal: null
13 info lifecycle api_chat@0.0.1~start: Failed to exec start script
14 verbose stack Error: api_chat@0.0.1 start: `node dist/index.js`
14 verbose stack Exit status 1
14 verbose stack     at EventEmitter.<anonymous> (/usr/local/lib/node_modules/npm/lib/utils/lifecycle.js:255:16)
14 verbose stack     at emitTwo (events.js:106:13)
14 verbose stack     at EventEmitter.emit (events.js:191:7)
14 verbose stack     at ChildProcess.<anonymous> (/usr/local/lib/node_modules/npm/lib/utils/spawn.js:40:14)
14 verbose stack     at emitTwo (events.js:106:13)
14 verbose stack     at ChildProcess.emit (events.js:191:7)
14 verbose stack     at maybeClose (internal/child_process.js:850:16)
14 verbose stack     at Process.ChildProcess._handle.onexit (internal/child_process.js:215:5)
15 verbose pkgid api_chat@0.0.1
16 verbose cwd /Users/Belinda/Documents/git/api_chat
17 error Darwin 15.6.0
18 error argv "/usr/local/bin/node" "/usr/local/bin/npm" "run" "start"
19 error node v6.2.0
20 error npm  v3.10.9
21 error code ELIFECYCLE
22 error api_chat@0.0.1 start: `node dist/index.js`
22 error Exit status 1
23 error Failed at the api_chat@0.0.1 start script 'node dist/index.js'.
23 error Make sure you have the latest version of node.js and npm installed.
23 error If you do, this is most likely a problem with the api_chat package,
23 error not with npm itself.
23 error Tell the author that this fails on your system:
23 error     node dist/index.js
23 error You can get information on how to open an issue for this project with:
23 error     npm bugs api_chat
23 error Or if that isn't available, you can get their info via:
23 error     npm owner ls api_chat
23 error There is likely additional logging output above.
24 verbose exit [ 1, true ]
